<?xml version="1.0" encoding="UTF-8"?>
<!-- Generated by org.testng.reporters.JUnitXMLReporter -->
<testsuite hostname="DESKTOP-HQ74KQ8" ignored="2" name="Free CRM App Test Cases" tests="9" failures="0" timestamp="2019-12-13T21:12:45 IST" time="471.764" errors="0">
  <testcase name="loginPageTitleTest" time="0.029" classname="com.crm.qa.testcases.LoginPageTest"/>
  <testcase name="crmLogotest" time="0.088" classname="com.crm.qa.testcases.LoginPageTest"/>
  <testcase name="LoginTest" time="24.153" classname="com.crm.qa.testcases.LoginPageTest"/>
  <testcase name="verifyUserNameTest" time="0.101" classname="com.crm.qa.testcases.HomePageTest"/>
  <testcase name="verifyHomePageTitleTest" time="0.016" classname="com.crm.qa.testcases.HomePageTest"/>
  <testcase name="clickonContactsLinkTest" time="3.311" classname="com.crm.qa.testcases.HomePageTest"/>
  <testcase name="createNewContactTest" time="10.691" classname="com.crm.qa.testcases.ContactsPageTest"/>
  <testcase name="createNewContactTest" time="12.871" classname="com.crm.qa.testcases.ContactsPageTest"/>
  <testcase name="createNewContactTest" time="14.385" classname="com.crm.qa.testcases.ContactsPageTest"/>
  <testcase name="verifyContactsTextTest" time="0.0" classname="com.crm.qa.testcases.ContactsPageTest">
    <ignored/>
  </testcase> <!-- verifyContactsTextTest -->
  <testcase name="verifyNameLableTest" time="0.0" classname="com.crm.qa.testcases.ContactsPageTest">
    <ignored/>
  </testcase> <!-- verifyNameLableTest -->
</testsuite> <!-- Free CRM App Test Cases -->
