<?xml version="1.0" encoding="UTF-8"?>
<!-- Generated by org.testng.reporters.JUnitXMLReporter -->
<testsuite hostname="DESKTOP-HQ74KQ8" ignored="0" name="Default test" tests="3" failures="0" timestamp="2019-12-13T22:50:04 IST" time="204.761" errors="0">
  <testcase name="verifyUserNameTest" time="0.161" classname="com.crm.qa.testcases.HomePageTest"/>
  <testcase name="verifyHomePageTitleTest" time="0.017" classname="com.crm.qa.testcases.HomePageTest"/>
  <testcase name="clickonContactsLinkTest" time="3.264" classname="com.crm.qa.testcases.HomePageTest"/>
</testsuite> <!-- Default test -->
