<?xml version="1.0" encoding="UTF-8"?>
<testng-results skipped="0" failed="0" ignored="1" total="2" passed="1">
  <reporter-output>
  </reporter-output>
  <suite name="Default suite" duration-ms="44149" started-at="2019-12-14T17:34:47 IST" finished-at="2019-12-14T17:35:31 IST">
    <groups>
    </groups>
    <test name="Default test" duration-ms="44149" started-at="2019-12-14T17:34:47 IST" finished-at="2019-12-14T17:35:31 IST">
      <class name="com.crm.qa.testcases.DealsPageTest">
        <test-method status="PASS" signature="setUp()[pri:0, instance:com.crm.qa.testcases.DealsPageTest@67205a84]" name="setUp" is-config="true" duration-ms="40421" started-at="2019-12-14T17:34:47 IST" finished-at="2019-12-14T17:35:28 IST">
          <reporter-output>
          </reporter-output>
        </test-method> <!-- setUp -->
        <test-method status="PASS" signature="verifydealsTextTest()[pri:0, instance:com.crm.qa.testcases.DealsPageTest@67205a84]" name="verifydealsTextTest" duration-ms="2865" started-at="2019-12-14T17:35:28 IST" finished-at="2019-12-14T17:35:30 IST">
          <reporter-output>
          </reporter-output>
        </test-method> <!-- verifydealsTextTest -->
        <test-method status="PASS" signature="tearDown()[pri:0, instance:com.crm.qa.testcases.DealsPageTest@67205a84]" name="tearDown" is-config="true" duration-ms="802" started-at="2019-12-14T17:35:30 IST" finished-at="2019-12-14T17:35:31 IST">
          <reporter-output>
          </reporter-output>
        </test-method> <!-- tearDown -->
      </class> <!-- com.crm.qa.testcases.DealsPageTest -->
    </test> <!-- Default test -->
  </suite> <!-- Default suite -->
</testng-results>
